TN:test_test
SF:/usr/include/c++/5/bits/allocator.h
FN:113,_ZNSaISt6vectorIPcSaIS0_EEEC2Ev
FN:113,_ZNSaIPcEC2Ev
FN:115,_ZNSaISt6vectorIPcSaIS0_EEEC2ERKS3_
FN:115,_ZNSaIPcEC2ERKS0_
FN:121,_ZNSaISt6vectorIPcSaIS0_EEED2Ev
FN:121,_ZNSaIPcED2Ev
FNDA:0,_ZNSaISt6vectorIPcSaIS0_EEEC2Ev
FNDA:0,_ZNSaIPcEC2Ev
FNDA:0,_ZNSaISt6vectorIPcSaIS0_EEEC2ERKS3_
FNDA:0,_ZNSaIPcEC2ERKS0_
FNDA:0,_ZNSaISt6vectorIPcSaIS0_EEED2Ev
FNDA:0,_ZNSaIPcED2Ev
FNF:6
FNH:0
DA:113,0
DA:115,0
DA:116,0
DA:121,0
LF:4
LH:0
end_of_record
SF:/usr/include/c++/5/bits/ios_base.h
FN:129,_ZStorSt13_Ios_OpenmodeS_
FNDA:1,_ZStorSt13_Ios_OpenmodeS_
FNF:1
FNH:1
DA:129,1
DA:130,1
LF:2
LH:2
end_of_record
SF:/usr/include/c++/5/bits/move.h
FN:47,_ZSt11__addressofISt6vectorIPcSaIS1_EEEPT_RS4_
FN:176,_ZSt4swapIPcEvRT_S2_
FNDA:0,_ZSt11__addressofISt6vectorIPcSaIS1_EEEPT_RS4_
FNDA:1300,_ZSt4swapIPcEvRT_S2_
FNF:2
FNH:1
DA:47,0
DA:50,0
DA:176,1300
DA:185,1300
DA:186,1300
DA:187,1300
DA:188,1300
LF:7
LH:5
end_of_record
SF:/usr/include/c++/5/bits/stl_algobase.h
FN:282,_ZSt12__niter_baseIPPcENSt11_Niter_baseIT_E13iterator_typeES3_
FN:282,_ZSt12__niter_baseIN9__gnu_cxx17__normal_iteratorIPKPcSt6vectorIS2_SaIS2_EEEEENSt11_Niter_baseIT_E13iterator_typeESA_
FN:293,_ZSt12__miter_baseIN9__gnu_cxx17__normal_iteratorIPKPcSt6vectorIS2_SaIS2_EEEEENSt11_Miter_baseIT_E13iterator_typeESA_
FN:373,_ZNSt11__copy_moveILb0ELb1ESt26random_access_iterator_tagE8__copy_mIPcEEPT_PKS4_S7_S5_
FN:391,_ZSt13__copy_move_aILb0EPKPcPS0_ET1_T0_S5_S4_
FN:436,_ZSt14__copy_move_a2ILb0EN9__gnu_cxx17__normal_iteratorIPKPcSt6vectorIS2_SaIS2_EEEEPS2_ET1_T0_SB_SA_
FN:462,_ZSt4copyIN9__gnu_cxx17__normal_iteratorIPKPcSt6vectorIS2_SaIS2_EEEEPS2_ET0_T_SB_SA_
FN:765,_ZSt10__fill_n_aIPPcmS0_EN9__gnu_cxx11__enable_ifIXsrSt11__is_scalarIT1_E7__valueET_E6__typeES7_T0_RKS5_
FN:800,_ZSt6fill_nIPPcmS0_ET_S2_T0_RKT1_
FNDA:0,_ZSt12__niter_baseIN9__gnu_cxx17__normal_iteratorIPKPcSt6vectorIS2_SaIS2_EEEEENSt11_Niter_baseIT_E13iterator_typeESA_
FNDA:0,_ZSt12__niter_baseIPPcENSt11_Niter_baseIT_E13iterator_typeES3_
FNDA:0,_ZSt12__miter_baseIN9__gnu_cxx17__normal_iteratorIPKPcSt6vectorIS2_SaIS2_EEEEENSt11_Miter_baseIT_E13iterator_typeESA_
FNDA:0,_ZNSt11__copy_moveILb0ELb1ESt26random_access_iterator_tagE8__copy_mIPcEEPT_PKS4_S7_S5_
FNDA:0,_ZSt13__copy_move_aILb0EPKPcPS0_ET1_T0_S5_S4_
FNDA:0,_ZSt14__copy_move_a2ILb0EN9__gnu_cxx17__normal_iteratorIPKPcSt6vectorIS2_SaIS2_EEEEPS2_ET1_T0_SB_SA_
FNDA:0,_ZSt4copyIN9__gnu_cxx17__normal_iteratorIPKPcSt6vectorIS2_SaIS2_EEEEPS2_ET0_T_SB_SA_
FNDA:0,_ZSt10__fill_n_aIPPcmS0_EN9__gnu_cxx11__enable_ifIXsrSt11__is_scalarIT1_E7__valueET_E6__typeES7_T0_RKS5_
FNDA:0,_ZSt6fill_nIPPcmS0_ET_S2_T0_RKT1_
FNF:9
FNH:0
DA:282,0
DA:283,0
DA:293,0
DA:294,0
DA:373,0
DA:382,0
DA:383,0
DA:384,0
DA:385,0
DA:391,0
DA:399,0
DA:402,0
DA:436,0
DA:438,0
DA:440,0
DA:462,0
DA:471,0
DA:472,0
DA:765,0
DA:767,0
DA:768,0
DA:770,0
DA:771,0
DA:800,0
DA:805,0
LF:25
LH:0
end_of_record
SF:/usr/include/c++/5/bits/stl_construct.h
FN:79,_ZSt10_ConstructISt6vectorIPcSaIS1_EES3_EvPT_RKT0_
FN:92,_ZSt8_DestroyISt6vectorIPcSaIS1_EEEvPT_
FN:100,_ZNSt12_Destroy_auxILb0EE9__destroyIPSt6vectorIPcSaIS3_EEEEvT_S7_
FN:112,_ZNSt12_Destroy_auxILb1EE9__destroyIPPcEEvT_S4_
FN:122,_ZSt8_DestroyIPPcEvT_S2_
FN:122,_ZSt8_DestroyIPSt6vectorIPcSaIS1_EEEvT_S5_
FN:148,_ZSt8_DestroyIPPcS0_EvT_S2_RSaIT0_E
FN:148,_ZSt8_DestroyIPSt6vectorIPcSaIS1_EES3_EvT_S5_RSaIT0_E
FNDA:0,_ZSt10_ConstructISt6vectorIPcSaIS1_EES3_EvPT_RKT0_
FNDA:0,_ZSt8_DestroyISt6vectorIPcSaIS1_EEEvPT_
FNDA:0,_ZNSt12_Destroy_auxILb0EE9__destroyIPSt6vectorIPcSaIS3_EEEEvT_S7_
FNDA:0,_ZNSt12_Destroy_auxILb1EE9__destroyIPPcEEvT_S4_
FNDA:0,_ZSt8_DestroyIPSt6vectorIPcSaIS1_EEEvT_S5_
FNDA:0,_ZSt8_DestroyIPPcEvT_S2_
FNDA:0,_ZSt8_DestroyIPSt6vectorIPcSaIS1_EES3_EvT_S5_RSaIT0_E
FNDA:0,_ZSt8_DestroyIPPcS0_EvT_S2_RSaIT0_E
FNF:8
FNH:0
DA:79,0
DA:83,0
DA:84,0
DA:92,0
DA:93,0
DA:100,0
DA:102,0
DA:103,0
DA:104,0
DA:112,0
DA:122,0
DA:126,0
DA:128,0
DA:148,0
DA:151,0
DA:152,0
LF:16
LH:0
end_of_record
SF:/usr/include/c++/5/bits/stl_iterator.h
FN:740,_ZN9__gnu_cxx17__normal_iteratorIPKPcSt6vectorIS1_SaIS1_EEEC2ERKS3_
FN:805,_ZNK9__gnu_cxx17__normal_iteratorIPKPcSt6vectorIS1_SaIS1_EEE4baseEv
FNDA:0,_ZN9__gnu_cxx17__normal_iteratorIPKPcSt6vectorIS1_SaIS1_EEEC2ERKS3_
FNDA:0,_ZNK9__gnu_cxx17__normal_iteratorIPKPcSt6vectorIS1_SaIS1_EEE4baseEv
FNF:2
FNH:0
DA:740,0
DA:741,0
DA:805,0
DA:806,0
LF:4
LH:0
end_of_record
SF:/usr/include/c++/5/bits/stl_iterator_base_types.h
FN:215,_ZNSt10_Iter_baseIPPcLb0EE7_S_baseES1_
FN:215,_ZNSt10_Iter_baseIN9__gnu_cxx17__normal_iteratorIPKPcSt6vectorIS2_SaIS2_EEEELb0EE7_S_baseES8_
FN:223,_ZNSt10_Iter_baseIN9__gnu_cxx17__normal_iteratorIPKPcSt6vectorIS2_SaIS2_EEEELb1EE7_S_baseES8_
FNDA:0,_ZNSt10_Iter_baseIN9__gnu_cxx17__normal_iteratorIPKPcSt6vectorIS2_SaIS2_EEEELb0EE7_S_baseES8_
FNDA:0,_ZNSt10_Iter_baseIPPcLb0EE7_S_baseES1_
FNDA:0,_ZNSt10_Iter_baseIN9__gnu_cxx17__normal_iteratorIPKPcSt6vectorIS2_SaIS2_EEEELb1EE7_S_baseES8_
FNF:3
FNH:0
DA:215,0
DA:216,0
DA:223,0
DA:224,0
LF:4
LH:0
end_of_record
SF:/usr/include/c++/5/bits/stl_uninitialized.h
FN:91,_ZNSt20__uninitialized_copyILb1EE13__uninit_copyIN9__gnu_cxx17__normal_iteratorIPKPcSt6vectorIS4_SaIS4_EEEEPS4_EET0_T_SD_SC_
FN:107,_ZSt18uninitialized_copyIN9__gnu_cxx17__normal_iteratorIPKPcSt6vectorIS2_SaIS2_EEEEPS2_ET0_T_SB_SA_
FN:195,_ZNSt22__uninitialized_fill_nILb0EE15__uninit_fill_nIPSt6vectorIPcSaIS3_EEmS5_EET_S7_T0_RKT1_
FN:218,_ZNSt22__uninitialized_fill_nILb1EE15__uninit_fill_nIPPcmS2_EET_S4_T0_RKT1_
FN:236,_ZSt20uninitialized_fill_nIPPcmS0_ET_S2_T0_RKT1_
FN:236,_ZSt20uninitialized_fill_nIPSt6vectorIPcSaIS1_EEmS3_ET_S5_T0_RKT1_
FN:279,_ZSt22__uninitialized_copy_aIN9__gnu_cxx17__normal_iteratorIPKPcSt6vectorIS2_SaIS2_EEEEPS2_S2_ET0_T_SB_SA_RSaIT1_E
FN:356,_ZSt24__uninitialized_fill_n_aIPPcmS0_S0_ET_S2_T0_RKT1_RSaIT2_E
FN:356,_ZSt24__uninitialized_fill_n_aIPSt6vectorIPcSaIS1_EEmS3_S3_ET_S5_T0_RKT1_RSaIT2_E
FNDA:0,_ZNSt20__uninitialized_copyILb1EE13__uninit_copyIN9__gnu_cxx17__normal_iteratorIPKPcSt6vectorIS4_SaIS4_EEEEPS4_EET0_T_SD_SC_
FNDA:0,_ZSt18uninitialized_copyIN9__gnu_cxx17__normal_iteratorIPKPcSt6vectorIS2_SaIS2_EEEEPS2_ET0_T_SB_SA_
FNDA:0,_ZNSt22__uninitialized_fill_nILb0EE15__uninit_fill_nIPSt6vectorIPcSaIS3_EEmS5_EET_S7_T0_RKT1_
FNDA:0,_ZNSt22__uninitialized_fill_nILb1EE15__uninit_fill_nIPPcmS2_EET_S4_T0_RKT1_
FNDA:0,_ZSt20uninitialized_fill_nIPSt6vectorIPcSaIS1_EEmS3_ET_S5_T0_RKT1_
FNDA:0,_ZSt20uninitialized_fill_nIPPcmS0_ET_S2_T0_RKT1_
FNDA:0,_ZSt22__uninitialized_copy_aIN9__gnu_cxx17__normal_iteratorIPKPcSt6vectorIS2_SaIS2_EEEEPS2_S2_ET0_T_SB_SA_RSaIT1_E
FNDA:0,_ZSt24__uninitialized_fill_n_aIPSt6vectorIPcSaIS1_EEmS3_S3_ET_S5_T0_RKT1_RSaIT2_E
FNDA:0,_ZSt24__uninitialized_fill_n_aIPPcmS0_S0_ET_S2_T0_RKT1_RSaIT2_E
FNF:9
FNH:0
DA:91,0
DA:93,0
DA:107,0
DA:115,0
DA:126,0
DA:195,0
DA:198,0
DA:201,0
DA:202,0
DA:203,0
DA:205,0
DA:207,0
DA:208,0
DA:218,0
DA:220,0
DA:236,0
DA:241,0
DA:247,0
DA:279,0
DA:281,0
DA:356,0
DA:358,0
LF:22
LH:0
end_of_record
SF:/usr/include/c++/5/bits/stl_vector.h
FN:79,_ZNSt12_Vector_baseIPcSaIS0_EE12_Vector_implD2Ev
FN:79,_ZNSt12_Vector_baseISt6vectorIPcSaIS1_EESaIS3_EE12_Vector_implD2Ev
FN:90,_ZNSt12_Vector_baseISt6vectorIPcSaIS1_EESaIS3_EE12_Vector_implC2ERKS4_
FN:90,_ZNSt12_Vector_baseIPcSaIS0_EE12_Vector_implC2ERKS1_
FN:113,_ZNSt12_Vector_baseISt6vectorIPcSaIS1_EESaIS3_EE19_M_get_Tp_allocatorEv
FN:113,_ZNSt12_Vector_baseIPcSaIS0_EE19_M_get_Tp_allocatorEv
FN:117,_ZNKSt12_Vector_baseIPcSaIS0_EE19_M_get_Tp_allocatorEv
FN:134,_ZNSt12_Vector_baseISt6vectorIPcSaIS1_EESaIS3_EEC2EmRKS4_
FN:134,_ZNSt12_Vector_baseIPcSaIS0_EEC2EmRKS1_
FN:159,_ZNSt12_Vector_baseISt6vectorIPcSaIS1_EESaIS3_EED2Ev
FN:159,_ZNSt12_Vector_baseIPcSaIS0_EED2Ev
FN:167,_ZNSt12_Vector_baseISt6vectorIPcSaIS1_EESaIS3_EE11_M_allocateEm
FN:167,_ZNSt12_Vector_baseIPcSaIS0_EE11_M_allocateEm
FN:174,_ZNSt12_Vector_baseIPcSaIS0_EE13_M_deallocateEPS0_m
FN:174,_ZNSt12_Vector_baseISt6vectorIPcSaIS1_EESaIS3_EE13_M_deallocateEPS3_m
FN:183,_ZNSt12_Vector_baseISt6vectorIPcSaIS1_EESaIS3_EE17_M_create_storageEm
FN:183,_ZNSt12_Vector_baseIPcSaIS0_EE17_M_create_storageEm
FN:303,_ZNSt6vectorIS_IPcSaIS0_EESaIS2_EEC2EmRKS2_RKS3_
FN:303,_ZNSt6vectorIPcSaIS0_EEC2EmRKS0_RKS1_
FN:318,_ZNSt6vectorIPcSaIS0_EEC2ERKS2_
FN:423,_ZNSt6vectorIPcSaIS0_EED2Ev
FN:423,_ZNSt6vectorIS_IPcSaIS0_EESaIS2_EED2Ev
FN:556,_ZNKSt6vectorIPcSaIS0_EE5beginEv
FN:574,_ZNKSt6vectorIPcSaIS0_EE3endEv
FN:654,_ZNKSt6vectorIPcSaIS0_EE4sizeEv
FN:779,_ZNSt6vectorIPcSaIS0_EEixEm
FN:779,_ZNSt6vectorIS_IPcSaIS0_EESaIS2_EEixEm
FN:1298,_ZNSt6vectorIPcSaIS0_EE18_M_fill_initializeEmRKS0_
FN:1298,_ZNSt6vectorIS_IPcSaIS0_EESaIS2_EE18_M_fill_initializeEmRKS2_
FNDA:0,_ZNSt12_Vector_baseISt6vectorIPcSaIS1_EESaIS3_EE12_Vector_implD2Ev
FNDA:0,_ZNSt12_Vector_baseIPcSaIS0_EE12_Vector_implD2Ev
FNDA:0,_ZNSt12_Vector_baseISt6vectorIPcSaIS1_EESaIS3_EE12_Vector_implC2ERKS4_
FNDA:0,_ZNSt12_Vector_baseIPcSaIS0_EE12_Vector_implC2ERKS1_
FNDA:0,_ZNSt12_Vector_baseISt6vectorIPcSaIS1_EESaIS3_EE19_M_get_Tp_allocatorEv
FNDA:0,_ZNSt12_Vector_baseIPcSaIS0_EE19_M_get_Tp_allocatorEv
FNDA:0,_ZNKSt12_Vector_baseIPcSaIS0_EE19_M_get_Tp_allocatorEv
FNDA:0,_ZNSt12_Vector_baseISt6vectorIPcSaIS1_EESaIS3_EEC2EmRKS4_
FNDA:0,_ZNSt12_Vector_baseIPcSaIS0_EEC2EmRKS1_
FNDA:0,_ZNSt12_Vector_baseISt6vectorIPcSaIS1_EESaIS3_EED2Ev
FNDA:0,_ZNSt12_Vector_baseIPcSaIS0_EED2Ev
FNDA:0,_ZNSt12_Vector_baseISt6vectorIPcSaIS1_EESaIS3_EE11_M_allocateEm
FNDA:0,_ZNSt12_Vector_baseIPcSaIS0_EE11_M_allocateEm
FNDA:0,_ZNSt12_Vector_baseISt6vectorIPcSaIS1_EESaIS3_EE13_M_deallocateEPS3_m
FNDA:0,_ZNSt12_Vector_baseIPcSaIS0_EE13_M_deallocateEPS0_m
FNDA:0,_ZNSt12_Vector_baseISt6vectorIPcSaIS1_EESaIS3_EE17_M_create_storageEm
FNDA:0,_ZNSt12_Vector_baseIPcSaIS0_EE17_M_create_storageEm
FNDA:0,_ZNSt6vectorIS_IPcSaIS0_EESaIS2_EEC2EmRKS2_RKS3_
FNDA:0,_ZNSt6vectorIPcSaIS0_EEC2EmRKS0_RKS1_
FNDA:0,_ZNSt6vectorIPcSaIS0_EEC2ERKS2_
FNDA:0,_ZNSt6vectorIS_IPcSaIS0_EESaIS2_EED2Ev
FNDA:0,_ZNSt6vectorIPcSaIS0_EED2Ev
FNDA:0,_ZNKSt6vectorIPcSaIS0_EE5beginEv
FNDA:0,_ZNKSt6vectorIPcSaIS0_EE3endEv
FNDA:0,_ZNKSt6vectorIPcSaIS0_EE4sizeEv
FNDA:0,_ZNSt6vectorIPcSaIS0_EEixEm
FNDA:0,_ZNSt6vectorIS_IPcSaIS0_EESaIS2_EEixEm
FNDA:0,_ZNSt6vectorIS_IPcSaIS0_EESaIS2_EE18_M_fill_initializeEmRKS2_
FNDA:0,_ZNSt6vectorIPcSaIS0_EE18_M_fill_initializeEmRKS0_
FNF:29
FNH:0
DA:79,0
DA:90,0
DA:91,0
DA:92,0
DA:113,0
DA:114,0
DA:117,0
DA:118,0
DA:134,0
DA:135,0
DA:136,0
DA:159,0
DA:160,0
DA:161,0
DA:167,0
DA:170,0
DA:174,0
DA:177,0
DA:178,0
DA:179,0
DA:183,0
DA:185,0
DA:186,0
DA:187,0
DA:188,0
DA:303,0
DA:305,0
DA:306,0
DA:318,0
DA:320,0
DA:321,0
DA:322,0
DA:324,0
DA:325,0
DA:423,0
DA:424,0
DA:425,0
DA:556,0
DA:557,0
DA:574,0
DA:575,0
DA:654,0
DA:655,0
DA:779,0
DA:780,0
DA:1298,0
DA:1300,0
DA:1301,0
DA:1302,0
DA:1303,0
LF:50
LH:0
end_of_record
SF:/usr/include/c++/5/ext/alloc_traits.h
FN:181,_ZN9__gnu_cxx14__alloc_traitsISaISt6vectorIPcSaIS2_EEEE8allocateERS5_m
FN:181,_ZN9__gnu_cxx14__alloc_traitsISaIPcEE8allocateERS2_m
FN:184,_ZN9__gnu_cxx14__alloc_traitsISaISt6vectorIPcSaIS2_EEEE10deallocateERS5_PS4_m
FN:184,_ZN9__gnu_cxx14__alloc_traitsISaIPcEE10deallocateERS2_PS1_m
FN:197,_ZN9__gnu_cxx14__alloc_traitsISaIPcEE17_S_select_on_copyERKS2_
FNDA:0,_ZN9__gnu_cxx14__alloc_traitsISaISt6vectorIPcSaIS2_EEEE8allocateERS5_m
FNDA:0,_ZN9__gnu_cxx14__alloc_traitsISaIPcEE8allocateERS2_m
FNDA:0,_ZN9__gnu_cxx14__alloc_traitsISaISt6vectorIPcSaIS2_EEEE10deallocateERS5_PS4_m
FNDA:0,_ZN9__gnu_cxx14__alloc_traitsISaIPcEE10deallocateERS2_PS1_m
FNDA:0,_ZN9__gnu_cxx14__alloc_traitsISaIPcEE17_S_select_on_copyERKS2_
FNF:5
FNH:0
DA:181,0
DA:182,0
DA:184,0
DA:185,0
DA:197,0
LF:5
LH:0
end_of_record
SF:/usr/include/c++/5/ext/new_allocator.h
FN:79,_ZN9__gnu_cxx13new_allocatorISt6vectorIPcSaIS2_EEEC2Ev
FN:79,_ZN9__gnu_cxx13new_allocatorIPcEC2Ev
FN:81,_ZN9__gnu_cxx13new_allocatorIPcEC2ERKS2_
FN:81,_ZN9__gnu_cxx13new_allocatorISt6vectorIPcSaIS2_EEEC2ERKS5_
FN:86,_ZN9__gnu_cxx13new_allocatorISt6vectorIPcSaIS2_EEED2Ev
FN:86,_ZN9__gnu_cxx13new_allocatorIPcED2Ev
FN:99,_ZN9__gnu_cxx13new_allocatorISt6vectorIPcSaIS2_EEE8allocateEmPKv
FN:99,_ZN9__gnu_cxx13new_allocatorIPcE8allocateEmPKv
FN:109,_ZN9__gnu_cxx13new_allocatorIPcE10deallocateEPS1_m
FN:109,_ZN9__gnu_cxx13new_allocatorISt6vectorIPcSaIS2_EEE10deallocateEPS4_m
FN:113,_ZNK9__gnu_cxx13new_allocatorIPcE8max_sizeEv
FN:113,_ZNK9__gnu_cxx13new_allocatorISt6vectorIPcSaIS2_EEE8max_sizeEv
FNDA:0,_ZN9__gnu_cxx13new_allocatorISt6vectorIPcSaIS2_EEEC2Ev
FNDA:0,_ZN9__gnu_cxx13new_allocatorIPcEC2Ev
FNDA:0,_ZN9__gnu_cxx13new_allocatorISt6vectorIPcSaIS2_EEEC2ERKS5_
FNDA:0,_ZN9__gnu_cxx13new_allocatorIPcEC2ERKS2_
FNDA:0,_ZN9__gnu_cxx13new_allocatorISt6vectorIPcSaIS2_EEED2Ev
FNDA:0,_ZN9__gnu_cxx13new_allocatorIPcED2Ev
FNDA:0,_ZN9__gnu_cxx13new_allocatorISt6vectorIPcSaIS2_EEE8allocateEmPKv
FNDA:0,_ZN9__gnu_cxx13new_allocatorIPcE8allocateEmPKv
FNDA:0,_ZN9__gnu_cxx13new_allocatorISt6vectorIPcSaIS2_EEE10deallocateEPS4_m
FNDA:0,_ZN9__gnu_cxx13new_allocatorIPcE10deallocateEPS1_m
FNDA:0,_ZNK9__gnu_cxx13new_allocatorISt6vectorIPcSaIS2_EEE8max_sizeEv
FNDA:0,_ZNK9__gnu_cxx13new_allocatorIPcE8max_sizeEv
FNF:12
FNH:0
DA:79,0
DA:81,0
DA:86,0
DA:99,0
DA:101,0
DA:102,0
DA:104,0
DA:109,0
DA:110,0
DA:113,0
DA:114,0
LF:11
LH:0
end_of_record
SF:/usr/include/c++/5/iostream
DA:74,1
LF:1
LH:1
end_of_record
SF:/usr/include/c++/5/new
FN:129,_ZnwmPv
FN:135,_ZdlPvS_
FNDA:0,_ZnwmPv
FNDA:0,_ZdlPvS_
FNF:2
FNH:0
DA:129,0
DA:130,0
DA:135,0
LF:3
LH:0
end_of_record
SF:/home/dyf0202/software/Software_432/lab1_final/Header.h
FN:52,_ZN7_EngLexC2Ev
FNDA:101,_ZN7_EngLexC2Ev
FNF:1
FNH:1
DA:52,101
DA:53,101
DA:54,101
DA:58,1
LF:4
LH:4
end_of_record
SF:/usr/include/c++/5/ext/alloc_traits.h
DA:181,0
DA:182,0
DA:184,0
DA:185,0
DA:197,0
LF:5
LH:0
end_of_record
SF:/usr/include/c++/5/bits/allocator.h
DA:113,0
DA:115,0
DA:116,0
DA:121,0
LF:4
LH:0
end_of_record
SF:/usr/include/c++/5/bits/ios_base.h
DA:129,1
DA:130,1
LF:2
LH:2
end_of_record
SF:/usr/include/c++/5/iostream
DA:74,1
LF:1
LH:1
end_of_record
SF:/home/dyf0202/software/Software_432/lab1_final/main.cpp
FN:13,_ZN4CoreC2Ev
FN:15,_ZN4CoreC2EPKc
FN:19,_ZN4CoreC2EPPci
FN:25,_ZN4CoreD2Ev
FN:30,_ZN4Core14Build_WordlistEPPcii
FN:52,_ZN4Core14gen_chain_charEPPciS1_cc
FN:68,_ZN4Core14gen_chain_wordEPPciS1_cc
FN:85,_ZN4Core23gen_chain_specific_wordEPPciRSt6vectorIS2_IS0_SaIS0_EESaIS4_EEcci
FN:126,_ZN4Core5checkEPPcicc
FN:201,_ZN4Core5cleanEv
FN:215,_Z4findicii
FN:260,_Z7output_ici
FN:306,_ZN4Core14Find_Wordlist_Eicci
FN:351,_Z7ComparePKcS0_
FN:370,_Z9PartitioniiPPc
FN:382,_Z10Quick_sortiiPPc
FN:390,_Z10Delete_dupiPPc
FN:402,_ZN4Core8Get_wordEPKc
FNDA:0,_ZN4CoreC2Ev
FNDA:2,_ZN4CoreC2EPKc
FNDA:0,_ZN4CoreC2EPPci
FNDA:1,_ZN4CoreD2Ev
FNDA:1,_ZN4Core14Build_WordlistEPPcii
FNDA:1,_ZN4Core14gen_chain_charEPPciS1_cc
FNDA:1,_ZN4Core14gen_chain_wordEPPciS1_cc
FNDA:0,_ZN4Core23gen_chain_specific_wordEPPciRSt6vectorIS2_IS0_SaIS0_EESaIS4_EEcci
FNDA:2,_ZN4Core5checkEPPcicc
FNDA:1,_ZN4Core5cleanEv
FNDA:777,_Z4findicii
FNDA:1,_Z7output_ici
FNDA:1,_ZN4Core14Find_Wordlist_Eicci
FNDA:1255,_Z7ComparePKcS0_
FNDA:79,_Z9PartitioniiPPc
FNDA:161,_Z10Quick_sortiiPPc
FNDA:3,_Z10Delete_dupiPPc
FNDA:2,_ZN4Core8Get_wordEPKc
FNF:18
FNH:15
DA:13,0
DA:15,2
DA:16,2
DA:17,2
DA:19,0
DA:20,0
DA:21,0
DA:23,0
DA:25,2
DA:26,1
DA:27,1
DA:28,1
DA:30,1
DA:31,43
DA:32,42
DA:33,42
DA:34,42
DA:35,42
DA:36,42
DA:38,1
DA:39,43
DA:40,1806
DA:41,1764
DA:42,72
DA:43,68
DA:44,0
DA:45,68
DA:46,68
DA:50,1
DA:52,1
DA:53,1
DA:54,0
DA:55,0
DA:56,0
DA:57,0
DA:58,0
DA:59,0
DA:60,0
DA:61,0
DA:62,0
DA:63,0
DA:65,0
DA:68,1
DA:69,1
DA:70,0
DA:71,1
DA:72,1
DA:73,1
DA:74,0
DA:75,1
DA:76,25
DA:77,12
DA:78,12
DA:79,12
DA:81,1
DA:85,0
DA:86,0
DA:87,0
DA:88,0
DA:89,0
DA:91,0
DA:92,0
DA:93,0
DA:94,0
DA:96,0
DA:97,0
DA:98,0
DA:99,0
DA:100,0
DA:102,0
DA:103,0
DA:104,0
DA:105,0
DA:106,0
DA:107,0
DA:110,0
DA:111,0
DA:112,0
DA:113,0
DA:114,0
DA:116,0
DA:118,0
DA:126,2
DA:127,2
DA:128,2
DA:130,0
DA:131,0
DA:132,0
DA:133,0
DA:137,2
DA:139,0
DA:140,0
DA:141,0
DA:142,0
DA:146,2
DA:148,0
DA:149,0
DA:150,0
DA:151,0
DA:155,2
DA:156,44
DA:158,43
DA:159,43
DA:161,0
DA:162,0
DA:163,0
DA:164,0
DA:169,283
DA:170,241
DA:172,1
DA:173,1
DA:174,1
DA:175,1
DA:182,1
DA:183,0
DA:186,1
DA:187,1
DA:188,1
DA:190,0
DA:191,0
DA:192,0
DA:193,0
DA:198,1
DA:201,1
DA:202,1
DA:203,1
DA:204,1
DA:205,1
DA:206,1
DA:207,1
DA:208,1
DA:209,1
DA:210,1
DA:211,1
DA:212,1
DA:213,1
DA:215,777
DA:216,777
DA:217,0
DA:218,777
DA:219,33411
DA:220,32634
DA:221,773
DA:222,773
DA:223,773
DA:224,773
DA:225,0
DA:226,0
DA:227,0
DA:230,0
DA:231,0
DA:232,0
DA:236,773
DA:237,0
DA:238,0
DA:239,0
DA:242,773
DA:243,11
DA:244,11
DA:246,773
DA:249,777
DA:250,777
DA:251,0
DA:252,0
DA:254,777
DA:255,777
DA:256,777
DA:257,777
DA:260,1
DA:261,1
DA:262,2
DA:263,1
DA:264,1
DA:265,0
DA:266,0
DA:268,1
DA:269,0
DA:270,0
DA:272,1
DA:273,0
DA:274,0
DA:276,1
DA:277,0
DA:278,0
DA:280,1
DA:281,0
DA:282,0
DA:283,0
DA:284,0
DA:285,0
DA:288,0
DA:289,0
DA:291,1
DA:292,0
DA:293,0
DA:296,1
DA:297,25
DA:298,12
DA:299,12
DA:300,12
DA:302,1
DA:306,1
DA:307,1
DA:309,1
DA:310,1
DA:311,1
DA:312,1
DA:313,0
DA:314,0
DA:317,1
DA:318,43
DA:319,42
DA:320,4
DA:321,4
DA:322,404
DA:323,400
DA:324,4
DA:325,0
DA:327,4
DA:328,4
DA:329,4
DA:330,4
DA:331,4
DA:332,0
DA:333,0
DA:338,1
DA:339,0
DA:340,1
DA:341,0
DA:343,1
DA:344,1
DA:345,1
DA:351,1255
DA:352,1255
DA:353,956
DA:354,299
DA:355,120
DA:357,179
DA:358,109
DA:359,70
DA:360,24
DA:362,46
DA:363,22
DA:364,24
DA:365,4
DA:367,20
DA:370,79
DA:371,79
DA:372,1233
DA:373,1154
DA:374,1009
DA:375,1009
DA:378,79
DA:379,79
DA:382,161
DA:383,161
DA:384,79
DA:385,79
DA:386,79
DA:388,161
DA:390,3
DA:391,104
DA:392,101
DA:393,222
DA:394,212
DA:395,10
DA:396,10
DA:399,3
DA:402,2
DA:403,2
DA:404,4
DA:405,4
DA:406,2
DA:407,2
DA:409,0
DA:410,0
DA:411,0
DA:412,0
DA:414,2
DA:415,2
DA:416,2
DA:417,2
DA:418,2
DA:419,7
DA:420,7
DA:421,469
DA:422,462
DA:423,305
DA:424,305
DA:425,305
DA:427,157
DA:428,4
DA:429,4
DA:430,4
DA:431,4
DA:433,153
DA:434,54
DA:435,54
DA:436,54
DA:437,54
DA:440,7
DA:441,5
DA:442,5
DA:443,5
DA:444,5
DA:446,7
DA:447,7
DA:448,2
DA:450,0
DA:451,0
DA:452,0
DA:453,0
DA:456,2
DA:457,2
DA:458,2
DA:459,2
DA:460,4
LF:317
LH:206
end_of_record
SF:/usr/include/c++/5/bits/move.h
DA:47,0
DA:50,0
DA:176,1300
DA:185,1300
DA:186,1300
DA:187,1300
DA:188,1300
LF:7
LH:5
end_of_record
SF:/usr/include/c++/5/new
DA:129,0
DA:130,0
DA:135,0
LF:3
LH:0
end_of_record
SF:/usr/include/c++/5/ext/new_allocator.h
DA:79,0
DA:81,0
DA:86,0
DA:99,0
DA:101,0
DA:102,0
DA:104,0
DA:109,0
DA:110,0
DA:113,0
DA:114,0
LF:11
LH:0
end_of_record
SF:/usr/include/c++/5/bits/stl_algobase.h
DA:282,0
DA:283,0
DA:293,0
DA:294,0
DA:373,0
DA:382,0
DA:383,0
DA:384,0
DA:385,0
DA:391,0
DA:399,0
DA:402,0
DA:436,0
DA:438,0
DA:440,0
DA:462,0
DA:471,0
DA:472,0
DA:765,0
DA:767,0
DA:768,0
DA:770,0
DA:771,0
DA:800,0
DA:805,0
LF:25
LH:0
end_of_record
SF:/usr/include/c++/5/bits/stl_construct.h
DA:79,0
DA:83,0
DA:84,0
DA:92,0
DA:93,0
DA:100,0
DA:102,0
DA:103,0
DA:104,0
DA:112,0
DA:122,0
DA:126,0
DA:128,0
DA:148,0
DA:151,0
DA:152,0
LF:16
LH:0
end_of_record
SF:/usr/include/c++/5/bits/stl_iterator.h
DA:740,0
DA:741,0
DA:805,0
DA:806,0
LF:4
LH:0
end_of_record
SF:/usr/include/c++/5/bits/stl_iterator_base_types.h
DA:215,0
DA:216,0
DA:223,0
DA:224,0
LF:4
LH:0
end_of_record
SF:/usr/include/c++/5/bits/stl_uninitialized.h
DA:91,0
DA:93,0
DA:107,0
DA:115,0
DA:126,0
DA:195,0
DA:198,0
DA:201,0
DA:202,0
DA:203,0
DA:205,0
DA:207,0
DA:208,0
DA:218,0
DA:220,0
DA:236,0
DA:241,0
DA:247,0
DA:279,0
DA:281,0
DA:356,0
DA:358,0
LF:22
LH:0
end_of_record
SF:/usr/include/c++/5/bits/stl_vector.h
DA:79,0
DA:90,0
DA:91,0
DA:92,0
DA:113,0
DA:114,0
DA:117,0
DA:118,0
DA:134,0
DA:135,0
DA:136,0
DA:159,0
DA:160,0
DA:161,0
DA:167,0
DA:170,0
DA:174,0
DA:177,0
DA:178,0
DA:179,0
DA:183,0
DA:185,0
DA:186,0
DA:187,0
DA:188,0
DA:303,0
DA:305,0
DA:306,0
DA:318,0
DA:320,0
DA:321,0
DA:322,0
DA:324,0
DA:325,0
DA:423,0
DA:424,0
DA:425,0
DA:556,0
DA:557,0
DA:574,0
DA:575,0
DA:654,0
DA:655,0
DA:779,0
DA:780,0
DA:1298,0
DA:1300,0
DA:1301,0
DA:1302,0
DA:1303,0
LF:50
LH:0
end_of_record
SF:/home/dyf0202/software/Software_432/lab1_final/test.cpp
FN:22,_Z9fake_mainiPPc
FN:181,main
FN:251,_Z41__static_initialization_and_destruction_0ii
FN:251,_GLOBAL__sub_I_word_list
FNDA:2,_Z9fake_mainiPPc
FNDA:1,main
FNDA:1,_GLOBAL__sub_I_word_list
FNDA:1,_Z41__static_initialization_and_destruction_0ii
FNF:4
FNH:4
DA:22,2
DA:23,2
DA:24,2
DA:25,2
DA:26,2
DA:27,2
DA:28,8
DA:29,3
DA:30,1
DA:31,1
DA:33,0
DA:34,0
DA:35,0
DA:36,0
DA:40,1
DA:41,1
DA:42,1
DA:44,0
DA:45,1
DA:47,2
DA:48,1
DA:49,1
DA:51,0
DA:52,0
DA:53,0
DA:54,0
DA:57,1
DA:58,1
DA:59,1
DA:61,1
DA:62,0
DA:63,0
DA:65,0
DA:66,0
DA:67,0
DA:68,0
DA:72,0
DA:73,0
DA:74,0
DA:75,0
DA:76,0
DA:77,0
DA:79,0
DA:80,0
DA:81,0
DA:83,0
DA:85,1
DA:86,1
DA:87,1
DA:89,0
DA:90,0
DA:91,0
DA:92,0
DA:96,1
DA:97,0
DA:98,0
DA:99,0
DA:100,0
DA:102,1
DA:103,1
DA:105,0
DA:106,0
DA:107,0
DA:109,0
DA:110,0
DA:111,0
DA:112,0
DA:116,0
DA:117,0
DA:118,0
DA:119,0
DA:120,0
DA:122,0
DA:123,0
DA:127,0
DA:128,0
DA:129,0
DA:130,0
DA:134,2
DA:136,0
DA:137,0
DA:138,0
DA:139,0
DA:143,2
DA:144,2
DA:145,1
DA:147,1
DA:148,1
DA:149,13
DA:150,12
DA:153,1
DA:154,1
DA:156,1
DA:157,0
DA:158,0
DA:159,0
DA:162,0
DA:163,0
DA:164,0
DA:165,0
DA:166,0
DA:167,0
DA:168,0
DA:169,0
DA:173,1
DA:174,1
DA:181,1
DA:184,1
DA:185,1
DA:186,1
DA:187,1
DA:188,1
DA:189,1
DA:190,2
DA:191,2
DA:192,2
DA:193,2
DA:194,2
DA:195,2
DA:196,2
DA:197,66
DA:198,64
DA:199,6
DA:200,6
DA:201,6
DA:202,6
DA:203,6
DA:207,58
DA:208,58
DA:209,58
DA:212,2
DA:213,10
DA:214,8
DA:216,2
DA:217,1
DA:218,1
DA:223,0
DA:224,0
DA:225,0
DA:227,0
DA:228,0
DA:229,0
DA:230,0
DA:232,0
DA:237,0
DA:238,0
DA:239,0
DA:240,0
DA:242,0
DA:243,0
DA:244,0
DA:245,0
DA:246,0
DA:247,0
DA:250,0
DA:251,3
LF:156
LH:71
end_of_record
